Determining if the pthread_create exist failed with the following output:
Change Dir: /home/nagaharish/Downloads/Udacity/Sensor Fusion/SFND_Lidar_Obstacle_Detection/src/quiz/cluster/build/CMakeFiles/CMakeTmp

Run Build Command(s):/usr/bin/make cmTC_d3d7e/fast 
/usr/bin/make -f CMakeFiles/cmTC_d3d7e.dir/build.make CMakeFiles/cmTC_d3d7e.dir/build
make[1]: Entering directory '/home/nagaharish/Downloads/Udacity/Sensor Fusion/SFND_Lidar_Obstacle_Detection/src/quiz/cluster/build/CMakeFiles/CMakeTmp'
Building C object CMakeFiles/cmTC_d3d7e.dir/CheckSymbolExists.c.o
/usr/bin/cc    -o CMakeFiles/cmTC_d3d7e.dir/CheckSymbolExists.c.o   -c "/home/nagaharish/Downloads/Udacity/Sensor Fusion/SFND_Lidar_Obstacle_Detection/src/quiz/cluster/build/CMakeFiles/CMakeTmp/CheckSymbolExists.c"
Linking C executable cmTC_d3d7e
/usr/local/bin/cmake -E cmake_link_script CMakeFiles/cmTC_d3d7e.dir/link.txt --verbose=1
/usr/bin/cc      -rdynamic CMakeFiles/cmTC_d3d7e.dir/CheckSymbolExists.c.o  -o cmTC_d3d7e 
CMakeFiles/cmTC_d3d7e.dir/CheckSymbolExists.c.o: In function `main':
CheckSymbolExists.c:(.text+0x16): undefined reference to `pthread_create'
collect2: error: ld returned 1 exit status
CMakeFiles/cmTC_d3d7e.dir/build.make:86: recipe for target 'cmTC_d3d7e' failed
make[1]: *** [cmTC_d3d7e] Error 1
make[1]: Leaving directory '/home/nagaharish/Downloads/Udacity/Sensor Fusion/SFND_Lidar_Obstacle_Detection/src/quiz/cluster/build/CMakeFiles/CMakeTmp'
Makefile:121: recipe for target 'cmTC_d3d7e/fast' failed
make: *** [cmTC_d3d7e/fast] Error 2

File /home/nagaharish/Downloads/Udacity/Sensor Fusion/SFND_Lidar_Obstacle_Detection/src/quiz/cluster/build/CMakeFiles/CMakeTmp/CheckSymbolExists.c:
/* */
#include <pthread.h>

int main(int argc, char** argv)
{
  (void)argv;
#ifndef pthread_create
  return ((int*)(&pthread_create))[argc];
#else
  (void)argc;
  return 0;
#endif
}

Determining if the function pthread_create exists in the pthreads failed with the following output:
Change Dir: /home/nagaharish/Downloads/Udacity/Sensor Fusion/SFND_Lidar_Obstacle_Detection/src/quiz/cluster/build/CMakeFiles/CMakeTmp

Run Build Command(s):/usr/bin/make cmTC_3a6fc/fast 
/usr/bin/make -f CMakeFiles/cmTC_3a6fc.dir/build.make CMakeFiles/cmTC_3a6fc.dir/build
make[1]: Entering directory '/home/nagaharish/Downloads/Udacity/Sensor Fusion/SFND_Lidar_Obstacle_Detection/src/quiz/cluster/build/CMakeFiles/CMakeTmp'
Building C object CMakeFiles/cmTC_3a6fc.dir/CheckFunctionExists.c.o
/usr/bin/cc   -DCHECK_FUNCTION_EXISTS=pthread_create   -o CMakeFiles/cmTC_3a6fc.dir/CheckFunctionExists.c.o   -c /usr/local/share/cmake-3.14/Modules/CheckFunctionExists.c
Linking C executable cmTC_3a6fc
/usr/local/bin/cmake -E cmake_link_script CMakeFiles/cmTC_3a6fc.dir/link.txt --verbose=1
/usr/bin/cc  -DCHECK_FUNCTION_EXISTS=pthread_create    -rdynamic CMakeFiles/cmTC_3a6fc.dir/CheckFunctionExists.c.o  -o cmTC_3a6fc -lpthreads 
/usr/bin/ld: cannot find -lpthreads
collect2: error: ld returned 1 exit status
CMakeFiles/cmTC_3a6fc.dir/build.make:86: recipe for target 'cmTC_3a6fc' failed
make[1]: *** [cmTC_3a6fc] Error 1
make[1]: Leaving directory '/home/nagaharish/Downloads/Udacity/Sensor Fusion/SFND_Lidar_Obstacle_Detection/src/quiz/cluster/build/CMakeFiles/CMakeTmp'
Makefile:121: recipe for target 'cmTC_3a6fc/fast' failed
make: *** [cmTC_3a6fc/fast] Error 2


