Determining if the pthread_create exist failed with the following output:
Change Dir: /home/nagaharish/Downloads/Udacity/Sensor Fusion/SFND_Lidar_Obstacle_Detection/build/CMakeFiles/CMakeTmp

Run Build Command(s):/usr/bin/make cmTC_552f0/fast 
/usr/bin/make -f CMakeFiles/cmTC_552f0.dir/build.make CMakeFiles/cmTC_552f0.dir/build
make[1]: Entering directory '/home/nagaharish/Downloads/Udacity/Sensor Fusion/SFND_Lidar_Obstacle_Detection/build/CMakeFiles/CMakeTmp'
Building C object CMakeFiles/cmTC_552f0.dir/CheckSymbolExists.c.o
/usr/bin/gcc-5    -o CMakeFiles/cmTC_552f0.dir/CheckSymbolExists.c.o   -c "/home/nagaharish/Downloads/Udacity/Sensor Fusion/SFND_Lidar_Obstacle_Detection/build/CMakeFiles/CMakeTmp/CheckSymbolExists.c"
Linking C executable cmTC_552f0
/usr/local/bin/cmake -E cmake_link_script CMakeFiles/cmTC_552f0.dir/link.txt --verbose=1
/usr/bin/gcc-5      -rdynamic CMakeFiles/cmTC_552f0.dir/CheckSymbolExists.c.o  -o cmTC_552f0 
CMakeFiles/cmTC_552f0.dir/CheckSymbolExists.c.o: In function `main':
CheckSymbolExists.c:(.text+0x16): undefined reference to `pthread_create'
collect2: error: ld returned 1 exit status
CMakeFiles/cmTC_552f0.dir/build.make:86: recipe for target 'cmTC_552f0' failed
make[1]: *** [cmTC_552f0] Error 1
make[1]: Leaving directory '/home/nagaharish/Downloads/Udacity/Sensor Fusion/SFND_Lidar_Obstacle_Detection/build/CMakeFiles/CMakeTmp'
Makefile:121: recipe for target 'cmTC_552f0/fast' failed
make: *** [cmTC_552f0/fast] Error 2

File /home/nagaharish/Downloads/Udacity/Sensor Fusion/SFND_Lidar_Obstacle_Detection/build/CMakeFiles/CMakeTmp/CheckSymbolExists.c:
/* */
#include <pthread.h>

int main(int argc, char** argv)
{
  (void)argv;
#ifndef pthread_create
  return ((int*)(&pthread_create))[argc];
#else
  (void)argc;
  return 0;
#endif
}

Determining if the function pthread_create exists in the pthreads failed with the following output:
Change Dir: /home/nagaharish/Downloads/Udacity/Sensor Fusion/SFND_Lidar_Obstacle_Detection/build/CMakeFiles/CMakeTmp

Run Build Command(s):/usr/bin/make cmTC_caaa8/fast 
/usr/bin/make -f CMakeFiles/cmTC_caaa8.dir/build.make CMakeFiles/cmTC_caaa8.dir/build
make[1]: Entering directory '/home/nagaharish/Downloads/Udacity/Sensor Fusion/SFND_Lidar_Obstacle_Detection/build/CMakeFiles/CMakeTmp'
Building C object CMakeFiles/cmTC_caaa8.dir/CheckFunctionExists.c.o
/usr/bin/gcc-5   -DCHECK_FUNCTION_EXISTS=pthread_create   -o CMakeFiles/cmTC_caaa8.dir/CheckFunctionExists.c.o   -c /usr/local/share/cmake-3.14/Modules/CheckFunctionExists.c
Linking C executable cmTC_caaa8
/usr/local/bin/cmake -E cmake_link_script CMakeFiles/cmTC_caaa8.dir/link.txt --verbose=1
/usr/bin/gcc-5  -DCHECK_FUNCTION_EXISTS=pthread_create    -rdynamic CMakeFiles/cmTC_caaa8.dir/CheckFunctionExists.c.o  -o cmTC_caaa8 -lpthreads 
/usr/bin/ld: cannot find -lpthreads
collect2: error: ld returned 1 exit status
CMakeFiles/cmTC_caaa8.dir/build.make:86: recipe for target 'cmTC_caaa8' failed
make[1]: *** [cmTC_caaa8] Error 1
make[1]: Leaving directory '/home/nagaharish/Downloads/Udacity/Sensor Fusion/SFND_Lidar_Obstacle_Detection/build/CMakeFiles/CMakeTmp'
Makefile:121: recipe for target 'cmTC_caaa8/fast' failed
make: *** [cmTC_caaa8/fast] Error 2


